<?xml version="1.0" encoding="UTF-8"?>
<!-- Generated by org.testng.reporters.JUnitReportReporter -->
<testsuite hostname="TYSS-Chandana" failures="0" tests="1" name="food.LaunchBurger_Test" time="8.993" errors="0" timestamp="2024-05-30T19:39:20 IST" skipped="0">
  <testcase classname="food.LaunchBurger_Test" name="burger" time="8.993"/>
  <system-out/>
</testsuite> <!-- food.LaunchBurger_Test -->
