<?xml version="1.0" encoding="UTF-8"?>
<!-- Generated by org.testng.reporters.JUnitReportReporter -->
<testsuite hostname="TYSS-Chandana" failures="0" tests="1" name="beauty.LaunchNykaa" time="14.325" errors="0" timestamp="2024-05-27T20:43:13 IST" skipped="0">
  <testcase classname="beauty.LaunchNykaa" name="nykaa" time="14.325"/>
  <system-out/>
</testsuite> <!-- beauty.LaunchNykaa -->
