<?xml version="1.0" encoding="UTF-8"?>
<!-- Generated by org.testng.reporters.JUnitReportReporter -->
<testsuite hostname="TYSS-Chandana" failures="0" tests="1" name="report.Script01" time="8.518" errors="0" timestamp="2024-05-31T20:20:02 IST" skipped="0">
  <testcase classname="report.Script01" name="script1" time="8.518"/>
  <system-out/>
</testsuite> <!-- report.Script01 -->
