<?xml version="1.0" encoding="UTF-8"?>
<!-- Generated by org.testng.reporters.JUnitReportReporter -->
<testsuite hostname="TYSS-Chandana" failures="0" tests="1" name="report.Script02" time="20.000" errors="0" timestamp="2024-06-01T19:46:14 IST" skipped="0">
  <testcase classname="report.Script02" name="script2" time="20.000"/>
  <system-out/>
</testsuite> <!-- report.Script02 -->
